<?xml version="1.0" encoding="UTF-8"?>
<testsuite xmlns:xsi="http://www.w3.org/2001/XMLSchema-instance" xsi:noNamespaceSchemaLocation="https://maven.apache.org/surefire/maven-surefire-plugin/xsd/surefire-test-report-3.0.xsd" version="3.0" name="com.example.AppTest" time="0.03" tests="1" errors="0" skipped="0" failures="0">
  <properties>
    <property name="java.specification.version" value="21"/>
    <property name="sun.jnu.encoding" value="ANSI_X3.4-1968"/>
    <property name="java.class.path" value="/home/katarina/repos/JavaProjects/SnakeMaven/target/test-classes:/home/katarina/repos/JavaProjects/SnakeMaven/target/classes:/home/katarina/.m2/repository/junit/junit/3.8.1/junit-3.8.1.jar:/home/katarina/.m2/repository/org/jline/jline/3.21.0/jline-3.21.0.jar:"/>
    <property name="java.vm.vendor" value="Arch Linux"/>
    <property name="sun.arch.data.model" value="64"/>
    <property name="java.vendor.url" value="https://openjdk.org/"/>
    <property name="os.name" value="Linux"/>
    <property name="java.vm.specification.version" value="21"/>
    <property name="sun.java.launcher" value="SUN_STANDARD"/>
    <property name="user.country" value="US"/>
    <property name="sun.boot.library.path" value="/usr/lib/jvm/java-21-openjdk/lib"/>
    <property name="sun.java.command" value="/home/katarina/repos/JavaProjects/SnakeMaven/target/surefire/surefirebooter-20240926184228143_3.jar /home/katarina/repos/JavaProjects/SnakeMaven/target/surefire 2024-09-26T18-42-28_041-jvmRun1 surefire-20240926184228143_1tmp surefire_0-20240926184228143_2tmp"/>
    <property name="jdk.debug" value="release"/>
    <property name="surefire.test.class.path" value="/home/katarina/repos/JavaProjects/SnakeMaven/target/test-classes:/home/katarina/repos/JavaProjects/SnakeMaven/target/classes:/home/katarina/.m2/repository/junit/junit/3.8.1/junit-3.8.1.jar:/home/katarina/.m2/repository/org/jline/jline/3.21.0/jline-3.21.0.jar:"/>
    <property name="sun.cpu.endian" value="little"/>
    <property name="user.home" value="/home/katarina"/>
    <property name="user.language" value="en"/>
    <property name="java.specification.vendor" value="Oracle Corporation"/>
    <property name="java.version.date" value="2024-07-16"/>
    <property name="java.home" value="/usr/lib/jvm/java-21-openjdk"/>
    <property name="file.separator" value="/"/>
    <property name="basedir" value="/home/katarina/repos/JavaProjects/SnakeMaven"/>
    <property name="java.vm.compressedOopsMode" value="32-bit"/>
    <property name="line.separator" value="&#10;"/>
    <property name="java.specification.name" value="Java Platform API Specification"/>
    <property name="java.vm.specification.vendor" value="Oracle Corporation"/>
    <property name="surefire.real.class.path" value="/home/katarina/repos/JavaProjects/SnakeMaven/target/surefire/surefirebooter-20240926184228143_3.jar"/>
    <property name="sun.management.compiler" value="HotSpot 64-Bit Tiered Compilers"/>
    <property name="java.runtime.version" value="21.0.4+7"/>
    <property name="user.name" value="katarina"/>
    <property name="stdout.encoding" value="ANSI_X3.4-1968"/>
    <property name="path.separator" value=":"/>
    <property name="os.version" value="6.10.10-arch1-1"/>
    <property name="java.runtime.name" value="OpenJDK Runtime Environment"/>
    <property name="file.encoding" value="UTF-8"/>
    <property name="java.vm.name" value="OpenJDK 64-Bit Server VM"/>
    <property name="localRepository" value="/home/katarina/.m2/repository"/>
    <property name="java.vendor.url.bug" value="https://bugreport.java.com/bugreport/"/>
    <property name="java.io.tmpdir" value="/tmp"/>
    <property name="java.version" value="21.0.4"/>
    <property name="user.dir" value="/home/katarina/repos/JavaProjects/SnakeMaven"/>
    <property name="os.arch" value="amd64"/>
    <property name="java.vm.specification.name" value="Java Virtual Machine Specification"/>
    <property name="native.encoding" value="ANSI_X3.4-1968"/>
    <property name="java.library.path" value="/usr/java/packages/lib:/usr/lib64:/lib64:/lib:/usr/lib"/>
    <property name="java.vm.info" value="mixed mode, sharing"/>
    <property name="stderr.encoding" value="ANSI_X3.4-1968"/>
    <property name="java.vendor" value="Arch Linux"/>
    <property name="java.vm.version" value="21.0.4+7"/>
    <property name="sun.io.unicode.encoding" value="UnicodeLittle"/>
    <property name="java.class.version" value="65.0"/>
  </properties>
  <testcase name="testApp" classname="com.example.AppTest" time="0.005"/>
</testsuite>